Arguments: 
  /Users/javier/.nvm/versions/node/v17.3.0/bin/node /Users/javier/.node/corepack/yarn/1.22.15/bin/yarn.js add typescript ys-node express cors nodemon

PATH: 
  /Users/javier/.rbenv/shims:/Users/javier/.nvm/versions/node/v17.3.0/bin:/usr/local/bin:/usr/bin:/bin:/usr/sbin:/sbin:/Users/javier/.rbenv/shims:/Users/javier/.nvm/versions/node/v17.3.0/bin

Yarn version: 
  1.22.15

Node version: 
  17.3.0

Platform: 
  darwin x64

Trace: 
  Error: https://registry.yarnpkg.com/ys-node: Not found
      at Request.params.callback [as _callback] (/Users/javier/.node/corepack/yarn/1.22.15/lib/cli.js:66140:18)
      at Request.self.callback (/Users/javier/.node/corepack/yarn/1.22.15/lib/cli.js:140885:22)
      at Request.emit (node:events:390:28)
      at Request.<anonymous> (/Users/javier/.node/corepack/yarn/1.22.15/lib/cli.js:141857:10)
      at Request.emit (node:events:390:28)
      at IncomingMessage.<anonymous> (/Users/javier/.node/corepack/yarn/1.22.15/lib/cli.js:141779:12)
      at Object.onceWrapper (node:events:509:28)
      at IncomingMessage.emit (node:events:402:35)
      at endReadableNT (node:internal/streams/readable:1343:12)
      at processTicksAndRejections (node:internal/process/task_queues:83:21)

npm manifest: 
  {
    "name": "server",
    "version": "1.0.0",
    "main": "index.js",
    "license": "MIT"
  }

yarn manifest: 
  No manifest

Lockfile: 
  No lockfile
